0
500000
1000000
1500000
2000000
2500000
3000000
3500000
4000000
4500000
5000000
5500000
6000000
6500000
7000000
7500000
8000000
8500000
9000000
9500000
10000000
10500000
11000000
11500000
12000000
12500000
13000000
13500000
14000000
14500000
15000000
15500000
16000000
16500000
17000000
17500000
18000000
18500000
19000000
19500000
20000000
20500000
21000000
21500000
22000000
22500000
23000000
23500000
24000000
24500000
25000000
25500000
26000000
26500000
27000000
27500000
28000000
28500000
29000000
29500000
30000000
30500000
31000000
31500000
32000000
32500000
33000000
33500000
34000000
34500000
35000000
35500000
36000000
36500000
37000000
37500000
38000000
38500000
39000000
39500000
40000000
40500000
41000000
41500000
42000000
42500000
43000000
43500000
44000000
44500000
45000000
45500000
46000000
46500000
47000000
47500000
48000000
48500000
49000000
49500000
50000000
50500000
51000000
51500000
52000000
52500000
53000000
53500000
54000000
54500000
55000000
55500000
56000000
56500000
57000000
57500000
58000000
58500000
59000000
59500000
60000000
60500000
61000000
61500000
62000000
62500000
63000000
63500000
64000000
64500000
65000000
65500000
66000000
66500000
67000000
67500000
68000000
68500000
69000000
69500000
70000000
70500000
71000000
71500000
72000000
72500000
73000000
73500000
74000000
74500000
75000000
75500000
76000000
76500000
77000000
77500000
78000000
78500000
79000000
79500000
80000000
80500000
81000000
81500000
82000000
82500000
83000000
83500000
84000000
84500000
85000000
85500000
86000000
86500000
87000000
87500000
88000000
88500000
89000000
89500000
90000000
90500000
91000000
91500000
92000000
92500000
93000000
93500000
94000000
94500000
95000000
95500000
96000000
96500000
97000000
97500000
98000000
98500000
99000000
99500000
100000000
100500000
101000000
101500000
102000000
102500000
103000000
103500000
104000000
104500000
105000000
105500000
106000000
106500000
107000000
107500000
108000000
108500000
109000000
109500000
110000000
110500000
111000000
111500000
112000000
112500000
113000000
113500000
114000000
114500000
115000000
115500000
116000000
116500000
117000000
117500000
118000000
118500000
119000000
119500000
120000000
120500000
121000000
121500000
122000000
122500000
123000000
123500000
124000000
124500000
125000000
125500000
126000000
126500000
127000000
127500000
128000000
128500000
129000000
129500000
130000000
130500000
131000000
131500000
132000000
132500000
133000000
133500000
134000000
134500000
135000000
135500000
136000000
136500000
137000000
137500000
138000000
138500000
139000000
139500000
140000000
140500000
141000000
141500000
142000000
142500000
143000000
143500000
144000000
144500000
145000000
145500000
146000000
146500000
147000000
147500000
148000000
148500000
149000000
149500000
150000000
150500000
151000000
151500000
152000000
152500000
153000000
153500000
154000000
154500000
155000000
155500000
156000000
156500000
157000000
157500000
158000000
158500000
159000000
159500000
160000000
160500000
161000000
161500000
162000000
162500000
163000000
163500000
164000000
164500000
165000000
165500000
166000000
166500000
167000000
167500000
168000000
168500000
169000000
169500000
170000000
170500000
171000000
171500000
172000000
172500000
173000000
173500000
174000000
174500000
175000000
175500000
176000000
176500000
177000000
177500000
178000000
178500000
179000000
179500000
180000000
180500000
181000000
181500000
182000000
182500000
183000000
183500000
184000000
184500000
185000000
185500000
186000000
186500000
187000000
187500000
188000000
188500000
189000000
189500000
190000000
190500000
191000000
191500000
192000000
192500000
193000000
193500000
194000000
194500000
195000000
195500000
196000000
196500000
197000000
197500000
198000000
198500000
199000000
199500000
200000000
200500000
201000000
201500000
202000000
202500000
203000000
203500000
204000000
204500000
205000000
205500000
206000000
206500000
207000000
207500000
208000000
208500000
209000000
209500000
210000000
210500000
211000000
211500000
212000000
212500000
213000000
213500000
214000000
214500000
215000000
215500000
216000000
216500000
217000000
217500000
218000000
218500000
219000000
219500000
220000000
220500000
221000000
221500000
222000000
222500000
223000000
223500000
224000000
224500000
225000000
225500000
226000000
226500000
227000000
227500000
228000000
228500000
229000000
229500000
230000000
230500000
231000000
231500000
232000000
232500000
233000000
233500000
234000000
234500000
235000000
235500000
236000000
236500000
237000000
237500000
238000000
238500000
239000000
239500000
240000000
240500000
241000000
241500000
242000000
242500000
243000000
243500000
244000000
244500000
245000000
245500000
246000000
246500000
247000000
247500000
248000000
248500000
249000000
249500000
250000000
250500000
251000000
251500000
252000000
252500000
253000000
253500000
254000000
254500000
255000000
255500000
256000000
256500000
257000000
257500000
258000000
258500000
259000000
259500000
260000000
260500000
261000000
261500000
262000000
262500000
263000000
263500000
264000000
264500000
265000000
265500000
266000000
266500000
267000000
267500000
268000000
268500000
269000000
269500000
270000000
270500000
271000000
271500000
272000000
272500000
273000000
273500000
274000000
274500000
275000000
275500000
276000000
276500000
277000000
277500000
278000000
278500000
279000000
279500000
280000000
280500000
281000000
281500000
282000000
282500000
283000000
283500000
284000000
284500000
285000000
285500000
286000000
286500000
287000000
287500000
288000000
288500000
289000000
289500000
290000000
290500000
291000000
291500000
292000000
292500000
293000000
293500000
294000000
294500000
295000000
295500000
296000000
296500000
297000000
297500000
298000000
298500000
299000000
299500000
300000000
300500000
301000000
301500000
302000000
302500000
303000000
303500000
304000000
304500000
305000000
305500000
306000000
306500000
307000000
307500000
308000000
308500000
309000000
309500000
310000000
310500000
311000000
311500000
312000000
312500000
313000000
313500000
314000000
314500000
315000000
315500000
316000000
316500000
317000000
317500000
318000000
318500000
319000000
319500000
320000000
320500000
321000000
321500000
322000000
322500000
323000000
323500000
324000000
324500000
325000000
325500000
326000000
326500000
327000000
327500000
328000000
328500000
329000000
329500000
330000000
330500000
331000000
331500000
332000000
332500000
333000000
333500000
334000000
334500000
335000000
335500000
336000000
336500000
337000000
337500000
338000000
338500000
339000000
339500000
340000000
340500000
341000000
341500000
342000000
342500000
343000000
343500000
344000000
344500000
345000000
345500000
346000000
346500000
347000000
347500000
348000000
348500000
349000000
349500000
350000000
350500000
351000000
351500000
352000000
352500000
353000000
353500000
354000000
354500000
355000000
355500000
356000000
356500000
357000000
357500000
358000000
358500000
359000000
359500000
360000000
360500000
361000000
361500000
362000000
362500000
363000000
363500000
364000000
364500000
365000000
365500000
366000000
366500000
367000000
367500000
368000000
368500000
369000000
369500000
370000000
370500000
371000000
371500000
372000000
372500000
373000000
373500000
374000000
374500000
375000000
375500000
376000000
376500000
377000000
377500000
378000000
378500000
379000000
379500000
380000000
380500000
381000000
381500000
382000000
382500000
383000000
383500000
384000000
384500000
385000000
385500000
386000000
386500000
387000000
387500000
388000000
388500000
389000000
389500000
390000000
390500000
391000000
391500000
392000000
392500000
393000000
393500000
394000000
394500000
395000000
395500000
396000000
396500000
397000000
397500000
398000000
398500000
399000000
399500000
400000000
400500000
401000000
401500000
402000000
402500000
403000000
403500000
404000000
404500000
405000000
405500000
406000000
406500000
407000000
407500000
408000000
408500000
409000000
409500000
410000000
410500000
411000000
411500000
412000000
412500000
413000000
413500000
414000000
414500000
415000000
415500000
416000000
416500000
417000000
417500000
418000000
418500000
419000000
419500000
420000000
420500000
421000000
421500000
422000000
422500000
423000000
423500000
424000000
424500000
425000000
425500000
426000000
426500000
427000000
427500000
428000000
428500000
429000000
429500000
430000000
430500000
431000000
431500000
432000000
432500000
433000000
433500000
434000000
434500000
435000000
435500000
436000000
436500000
437000000
437500000
438000000
438500000
439000000
439500000
440000000
440500000
441000000
441500000
442000000
442500000
443000000
443500000
444000000
444500000
445000000
445500000
446000000
446500000
447000000
447500000
448000000
448500000
449000000
449500000
450000000
450500000
451000000
451500000
452000000
452500000
453000000
453500000
454000000
454500000
455000000
455500000
456000000
456500000
457000000
457500000
458000000
458500000
459000000
459500000
460000000
460500000
461000000
461500000
462000000
462500000
463000000
463500000
464000000
464500000
465000000
465500000
466000000
466500000
467000000
467500000
468000000
468500000
469000000
469500000
470000000
470500000
471000000
471500000
472000000
472500000
473000000
473500000
474000000
474500000
475000000
475500000
476000000
476500000
477000000
477500000
478000000
478500000
479000000
479500000
480000000
480500000
481000000
481500000
482000000
482500000
483000000
483500000
484000000
484500000
485000000
485500000
486000000
486500000
487000000
487500000
488000000
488500000
489000000
489500000
490000000
490500000
491000000
491500000
492000000
492500000
493000000
493500000
494000000
494500000
495000000
495500000
496000000
496500000
497000000
497500000
498000000
498500000
499000000
499500000
500000000
500500000
501000000
501500000
502000000
502500000
503000000
503500000
504000000
504500000
505000000
505500000
506000000
506500000
507000000
507500000
508000000
508500000
509000000
509500000
510000000
510500000
511000000
511500000
512000000
512500000
513000000
513500000
514000000
514500000
515000000
515500000
516000000
516500000
517000000
517500000
518000000
518500000
519000000
519500000
520000000
520500000
521000000
521500000
522000000
522500000
523000000
523500000
524000000
524500000
525000000
525500000
526000000
526500000
527000000
527500000
528000000
528500000
529000000
529500000
530000000
530500000
531000000
531500000
532000000
532500000
533000000
533500000
534000000
534500000
535000000
535500000
536000000
536500000
537000000
537500000
538000000
538500000
539000000
539500000
540000000
540500000
541000000
541500000
542000000
542500000
543000000
543500000
544000000
544500000
545000000
545500000
546000000
546500000
547000000
547500000
548000000
548500000
549000000
549500000
550000000
550500000
551000000
551500000
552000000
552500000
553000000
553500000
554000000
554500000
555000000
555500000
556000000
556500000
557000000
557500000
558000000
558500000
559000000
559500000
560000000
560500000
561000000
561500000
562000000
562500000
563000000
563500000
564000000
564500000
565000000
565500000
566000000
566500000
567000000
567500000
568000000
568500000
569000000
569500000
570000000
570500000
571000000
571500000
572000000
572500000
573000000
573500000
574000000
574500000
575000000
575500000
576000000
576500000
577000000
577500000
578000000
578500000
579000000
579500000
580000000
580500000
581000000
581500000
582000000
582500000
583000000
583500000
584000000
584500000
585000000
585500000
586000000
586500000
587000000
587500000
588000000
588500000
589000000
589500000
590000000
590500000
591000000
591500000
592000000
592500000
593000000
593500000
594000000
594500000
595000000
595500000
596000000
596500000
597000000
597500000
598000000
598500000
599000000
599500000
600000000
600500000
601000000
601500000
602000000
602500000
603000000
603500000
604000000
604500000
605000000
605500000
606000000
606500000
607000000
607500000
608000000
608500000
609000000
609500000
610000000
610500000
611000000
611500000
612000000
612500000
613000000
613500000
614000000
614500000
615000000
615500000
616000000
616500000
617000000
617500000
618000000
618500000
619000000
619500000
620000000
620500000
621000000
621500000
622000000
622500000
623000000
623500000
624000000
624500000
625000000
625500000
626000000
626500000
627000000
627500000
628000000
628500000
629000000
629500000
630000000
630500000
631000000
631500000
632000000
632500000
633000000
633500000
634000000
634500000
635000000
635500000
636000000
636500000
637000000
637500000
638000000
638500000
639000000
639500000
640000000
640500000
641000000
641500000
642000000
642500000
643000000
643500000
644000000
644500000
645000000
645500000
646000000
646500000
647000000
647500000
648000000
648500000
649000000
649500000
650000000
650500000
651000000
651500000
652000000
652500000
653000000
653500000
654000000
654500000
655000000
655500000
656000000
656500000
657000000
657500000
658000000
658500000
659000000
659500000
660000000
660500000
661000000
661500000
662000000
662500000
663000000
663500000
664000000
664500000
665000000
665500000
666000000
666500000
667000000
667500000
668000000
668500000
669000000
669500000
670000000
670500000
671000000
671500000
672000000
672500000
673000000
673500000
674000000
674500000
675000000
675500000
676000000
676500000
677000000
677500000
678000000
678500000
679000000
679500000
680000000
680500000
681000000
681500000
682000000
682500000
683000000
683500000
684000000
684500000
685000000
685500000
686000000
686500000
687000000
687500000
688000000
688500000
689000000
689500000
690000000
690500000
691000000
691500000
692000000
692500000
693000000
693500000
694000000
694500000
695000000
695500000
696000000
696500000
697000000
697500000
698000000
698500000
699000000
699500000
700000000
700500000
701000000
701500000
702000000
702500000
703000000
703500000
704000000
704500000
705000000
705500000
706000000
706500000
707000000
707500000
708000000
708500000
709000000
709500000
710000000
710500000
711000000
711500000
712000000
712500000
713000000
713500000
714000000
714500000
715000000
715500000
716000000
716500000
717000000
717500000
718000000
718500000
719000000
719500000
720000000
720500000
721000000
721500000
722000000
722500000
723000000
723500000
724000000
724500000
725000000
725500000
726000000
726500000
727000000
727500000
728000000
728500000
729000000
729500000
730000000
730500000
731000000
731500000
732000000
732500000
733000000
733500000
734000000
734500000
735000000
735500000
736000000
736500000
737000000
737500000
738000000
738500000
739000000
739500000
740000000
740500000
741000000
741500000
742000000
742500000
743000000
743500000
744000000
744500000
745000000
745500000
746000000
746500000
747000000
747500000
748000000
748500000
749000000
749500000
750000000
750500000
751000000
751500000
752000000
752500000
753000000
753500000
754000000
754500000
755000000
755500000
756000000
756500000
757000000
757500000
758000000
758500000
759000000
759500000
760000000
760500000
761000000
761500000
762000000
762500000
763000000
763500000
764000000
764500000
765000000
765500000
766000000
766500000
767000000
767500000
768000000
768500000
769000000
769500000
770000000
770500000
771000000
771500000
772000000
772500000
773000000
773500000
774000000
774500000
775000000
775500000
776000000
776500000
777000000
777500000
778000000
778500000
779000000
779500000
780000000
780500000
781000000
781500000
782000000
782500000
783000000
783500000
784000000
784500000
785000000
785500000
786000000
786500000
787000000
787500000
788000000
788500000
789000000
789500000
790000000
790500000
791000000
791500000
792000000
792500000
793000000
793500000
794000000
794500000
795000000
795500000
796000000
796500000
797000000
797500000
798000000
798500000
799000000
799500000
800000000
800500000
801000000
801500000
802000000
802500000
803000000
803500000
804000000
804500000
805000000
805500000
806000000
806500000
807000000
807500000
808000000
808500000
809000000
809500000
810000000
810500000
811000000
811500000
812000000
812500000
813000000
813500000
814000000
814500000
815000000
815500000
816000000
816500000
817000000
817500000
818000000
818500000
819000000
819500000
820000000
820500000
821000000
821500000
822000000
822500000
823000000
823500000
824000000
824500000
825000000
825500000
826000000
826500000
827000000
827500000
828000000
828500000
829000000
829500000
830000000
830500000
831000000
831500000
832000000
832500000
833000000
833500000
834000000
834500000
835000000
835500000
836000000
836500000
837000000
837500000
838000000
838500000
839000000
839500000
840000000
840500000
841000000
841500000
842000000
842500000
843000000
843500000
844000000
844500000
845000000
845500000
846000000
846500000
847000000
847500000
848000000
848500000
849000000
849500000
850000000
850500000
851000000
851500000
852000000
852500000
853000000
853500000
854000000
854500000
855000000
855500000
856000000
856500000
857000000
857500000
858000000
858500000
859000000
859500000
860000000
860500000
861000000
861500000
862000000
862500000
863000000
863500000
864000000
864500000
865000000
865500000
866000000
866500000
867000000
867500000
868000000
868500000
869000000
869500000
870000000
870500000
871000000
871500000
872000000
872500000
873000000
873500000
874000000
874500000
875000000
875500000
876000000
876500000
877000000
877500000
878000000
878500000
879000000
879500000
880000000
880500000
881000000
881500000
882000000
882500000
883000000
883500000
884000000
884500000
885000000
885500000
886000000
886500000
887000000
887500000
888000000
888500000
889000000
889500000
890000000
890500000
891000000
891500000
892000000
892500000
893000000
893500000
894000000
894500000
895000000
895500000
896000000
896500000
897000000
897500000
898000000
898500000
899000000
899500000
900000000
900500000
901000000
901500000
902000000
902500000
903000000
903500000
904000000
904500000
905000000
905500000
906000000
906500000
907000000
907500000
908000000
908500000
909000000
909500000
910000000
910500000
911000000
911500000
912000000
912500000
913000000
913500000
914000000
914500000
915000000
915500000
916000000
916500000
917000000
917500000
918000000
918500000
919000000
919500000
920000000
920500000
921000000
921500000
922000000
922500000
923000000
923500000
924000000
924500000
925000000
925500000
926000000
926500000
927000000
927500000
928000000
928500000
929000000
929500000
930000000
930500000
931000000
931500000
932000000
932500000
933000000
933500000
934000000
934500000
935000000
935500000
936000000
936500000
937000000
937500000
938000000
938500000
939000000
939500000
940000000
940500000
941000000
941500000
942000000
942500000
943000000
943500000
944000000
944500000
945000000
945500000
946000000
946500000
947000000
947500000
948000000
948500000
949000000
949500000
950000000
950500000
951000000
951500000
952000000
952500000
953000000
953500000
954000000
954500000
955000000
955500000
956000000
956500000
957000000
957500000
958000000
958500000
959000000
959500000
960000000
960500000
961000000
961500000
962000000
962500000
963000000
963500000
964000000
964500000
965000000
965500000
966000000
966500000
967000000
967500000
968000000
968500000
969000000
969500000
970000000
970500000
971000000
971500000
972000000
972500000
973000000
973500000
974000000
974500000
975000000
975500000
976000000
976500000
977000000
977500000
978000000
978500000
979000000
979500000
980000000
980500000
981000000
981500000
982000000
982500000
983000000
983500000
984000000
984500000
985000000
985500000
986000000
986500000
987000000
987500000
988000000
988500000
989000000
989500000
990000000
990500000
991000000
991500000
992000000
992500000
993000000
993500000
994000000
994500000
995000000
995500000
996000000
996500000
997000000
997500000
998000000
998500000
999000000
999500000
1000000000
1000500000
1001000000
1001500000
1002000000
1002500000
1003000000
1003500000
1004000000
1004500000
1005000000
1005500000
1006000000
1006500000
1007000000
1007500000
1008000000
1008500000
1009000000
1009500000
1010000000
1010500000
1011000000
1011500000
1012000000
1012500000
1013000000
1013500000
1014000000
1014500000
1015000000
1015500000
1016000000
1016500000
1017000000
1017500000
1018000000
1018500000
1019000000
1019500000
1020000000
1020500000
1021000000
1021500000
1022000000
1022500000
1023000000
1023500000
1024000000
1024500000
1025000000
1025500000
1026000000
1026500000
1027000000
1027500000
1028000000
1028500000
1029000000
1029500000
1030000000
1030500000
1031000000
1031500000
1032000000
1032500000
1033000000
1033500000
1034000000
1034500000
1035000000
1035500000
1036000000
1036500000
1037000000
1037500000
1038000000
1038500000
1039000000
1039500000
1040000000
1040500000
1041000000
1041500000
1042000000
1042500000
1043000000
1043500000
1044000000
1044500000
1045000000
1045500000
1046000000
1046500000
1047000000
1047500000
1048000000
1048500000
1049000000
1049500000
1050000000
1050500000
1051000000
1051500000
1052000000
1052500000
1053000000
1053500000
1054000000
1054500000
1055000000
1055500000
1056000000
1056500000
1057000000
1057500000
1058000000
1058500000
1059000000
1059500000
1060000000
1060500000
1061000000
1061500000
1062000000
1062500000
1063000000
1063500000
1064000000
1064500000
1065000000
1065500000
1066000000
1066500000
1067000000
1067500000
1068000000
1068500000
1069000000
1069500000
1070000000
1070500000
1071000000
1071500000
1072000000
1072500000
1073000000
1073500000
1074000000
1074500000
1075000000
1075500000
1076000000
1076500000
1077000000
1077500000
1078000000
1078500000
1079000000
1079500000
1080000000
1080500000
1081000000
1081500000
1082000000
1082500000
1083000000
1083500000
1084000000
1084500000
1085000000
1085500000
1086000000
1086500000
1087000000
1087500000
1088000000
1088500000
1089000000
1089500000
1090000000
1090500000
1091000000
1091500000
1092000000
1092500000
1093000000
1093500000
1094000000
1094500000
1095000000
1095500000
1096000000
1096500000
1097000000
1097500000
1098000000
1098500000
1099000000
1099500000
1100000000
1100500000
1101000000
1101500000
1102000000
1102500000
1103000000
1103500000
1104000000
1104500000
1105000000
1105500000
1106000000
1106500000
1107000000
1107500000
1108000000
1108500000
1109000000
1109500000
1110000000
1110500000
1111000000
1111500000
1112000000
1112500000
1113000000
1113500000
1114000000
1114500000
1115000000
1115500000
1116000000
1116500000
1117000000
1117500000
1118000000
1118500000
1119000000
1119500000
1120000000
1120500000
1121000000
1121500000
1122000000
1122500000
1123000000
1123500000
1124000000
1124500000
1125000000
1125500000
1126000000
1126500000
1127000000
1127500000
1128000000
1128500000
1129000000
1129500000
1130000000
1130500000
1131000000
1131500000
1132000000
1132500000
1133000000
1133500000
1134000000
1134500000
1135000000
1135500000
1136000000
1136500000
1137000000
1137500000
1138000000
1138500000
1139000000
1139500000
1140000000
1140500000
1141000000
1141500000
1142000000
1142500000
1143000000
1143500000
1144000000
1144500000
1145000000
1145500000
1146000000
1146500000
1147000000
1147500000
1148000000
1148500000
1149000000
1149500000
1150000000
1150500000
1151000000
1151500000
1152000000
1152500000
1153000000
1153500000
1154000000
1154500000
1155000000
1155500000
1156000000
1156500000
1157000000
1157500000
1158000000
1158500000
1159000000
1159500000
1160000000
1160500000
1161000000
1161500000
1162000000
1162500000
1163000000
1163500000
1164000000
1164500000
1165000000
1165500000
1166000000
1166500000
1167000000
1167500000
1168000000
1168500000
1169000000
1169500000
1170000000
1170500000
1171000000
1171500000
1172000000
1172500000
1173000000
1173500000
1174000000
1174500000
1175000000
1175500000
1176000000
1176500000
1177000000
1177500000
1178000000
1178500000
1179000000
1179500000
1180000000
1180500000
1181000000
1181500000
1182000000
1182500000
1183000000
1183500000
1184000000
1184500000
1185000000
1185500000
1186000000
1186500000
1187000000
1187500000
1188000000
1188500000
1189000000
1189500000
1190000000
1190500000
1191000000
1191500000
1192000000
1192500000
1193000000
1193500000
1194000000
1194500000
1195000000
1195500000
1196000000
1196500000
1197000000
1197500000
1198000000
1198500000
1199000000
1199500000
1200000000
1200500000
1201000000
1201500000
1202000000
1202500000
1203000000
1203500000
1204000000
1204500000
1205000000
1205500000
1206000000
1206500000
1207000000
1207500000
1208000000
1208500000
1209000000
1209500000
1210000000
1210500000
1211000000
1211500000
1212000000
1212500000
1213000000
1213500000
1214000000
1214500000
1215000000
1215500000
1216000000
1216500000
1217000000
1217500000
1218000000
1218500000
1219000000
1219500000
1220000000
1220500000
1221000000
1221500000
1222000000
1222500000
1223000000
1223500000
1224000000
1224500000
1225000000
1225500000
1226000000
1226500000
1227000000
1227500000
1228000000
1228500000
1229000000
1229500000
1230000000
1230500000
1231000000
1231500000
1232000000
1232500000
1233000000
1233500000
1234000000
1234500000
1235000000
1235500000
1236000000
1236500000
1237000000
1237500000
1238000000
1238500000
1239000000
1239500000
1240000000
1240500000
1241000000
1241500000
1242000000
1242500000
1243000000
1243500000
1244000000
1244500000
1245000000
1245500000
1246000000
1246500000
1247000000
1247500000
1248000000
1248500000
1249000000
1249500000
1250000000
1250500000
1251000000
1251500000
1252000000
1252500000
1253000000
1253500000
1254000000
1254500000
1255000000
1255500000
1256000000
1256500000
1257000000
1257500000
1258000000
1258500000
1259000000
1259500000
1260000000
1260500000
1261000000
1261500000
1262000000
1262500000
1263000000
1263500000
1264000000
1264500000
1265000000
1265500000
1266000000
1266500000
1267000000
1267500000
1268000000
1268500000
1269000000
1269500000
1270000000
1270500000
1271000000
1271500000
1272000000
1272500000
1273000000
1273500000
1274000000
1274500000
1275000000
1275500000
1276000000
1276500000
1277000000
1277500000
1278000000
1278500000
1279000000
1279500000
1280000000
1280500000
1281000000
1281500000
1282000000
1282500000
1283000000
1283500000
1284000000
1284500000
1285000000
1285500000
1286000000
1286500000
1287000000
1287500000
1288000000
1288500000
1289000000
1289500000
1290000000
1290500000
1291000000
1291500000
1292000000
1292500000
1293000000
1293500000
1294000000
1294500000
1295000000
1295500000
1296000000
1296500000
1297000000
1297500000
1298000000
1298500000
1299000000
1299500000
1300000000
1300500000
1301000000
1301500000
1302000000
1302500000
1303000000
1303500000
1304000000
1304500000
1305000000
1305500000
1306000000
1306500000
1307000000
1307500000
1308000000
1308500000
1309000000
1309500000
1310000000
1310500000
1311000000
1311500000
1312000000
1312500000
1313000000
1313500000
1314000000
1314500000
1315000000
1315500000
1316000000
1316500000
1317000000
1317500000
1318000000
1318500000
1319000000
1319500000
1320000000
1320500000
1321000000
1321500000
1322000000
1322500000
1323000000
1323500000
1324000000
1324500000
1325000000
1325500000
1326000000
1326500000
1327000000
1327500000
1328000000
1328500000
1329000000
1329500000
1330000000
1330500000
1331000000
1331500000
1332000000
1332500000
1333000000
1333500000
1334000000
1334500000
1335000000
1335500000
1336000000
1336500000
1337000000
1337500000
1338000000
1338500000
1339000000
1339500000
1340000000
1340500000
1341000000
1341500000
1342000000
1342500000
1343000000
1343500000
1344000000
1344500000
1345000000
1345500000
1346000000
1346500000
1347000000
1347500000
1348000000
1348500000
1349000000
1349500000
1350000000
1350500000
1351000000
1351500000
1352000000
1352500000
1353000000
1353500000
1354000000
1354500000
1355000000
1355500000
1356000000
1356500000
1357000000
1357500000
1358000000
1358500000
1359000000
1359500000
1360000000
1360500000
1361000000
1361500000
1362000000
1362500000
1363000000
1363500000
1364000000
1364500000
1365000000
1365500000
1366000000
1366500000
1367000000
1367500000
1368000000
1368500000
1369000000
1369500000
1370000000
1370500000
1371000000
1371500000
1372000000
1372500000
1373000000
1373500000
1374000000
1374500000
1375000000
1375500000
1376000000
1376500000
1377000000
1377500000
1378000000
1378500000
1379000000
1379500000
1380000000
1380500000
1381000000
1381500000
1382000000
1382500000
1383000000
1383500000
1384000000
1384500000
1385000000
1385500000
1386000000
1386500000
1387000000
1387500000
1388000000
1388500000
1389000000
1389500000
1390000000
1390500000
1391000000
1391500000
1392000000
1392500000
1393000000
1393500000
1394000000
1394500000
1395000000
1395500000
1396000000
1396500000
1397000000
1397500000
1398000000
1398500000
1399000000
1399500000
1400000000
1400500000
1401000000
1401500000
1402000000
1402500000
1403000000
1403500000
1404000000
1404500000
1405000000
1405500000
1406000000
1406500000
1407000000
1407500000
1408000000
1408500000
1409000000
1409500000
1410000000
1410500000
1411000000
1411500000
1412000000
1412500000
1413000000
1413500000
1414000000
1414500000
1415000000
1415500000
1416000000
1416500000
1417000000
1417500000
1418000000
1418500000
1419000000
1419500000
1420000000
1420500000
1421000000
1421500000
1422000000
1422500000
1423000000
1423500000
1424000000
1424500000
1425000000
1425500000
1426000000
1426500000
1427000000
1427500000
1428000000
1428500000
1429000000
1429500000
1430000000
1430500000
1431000000
1431500000
1432000000
1432500000
1433000000
1433500000
1434000000
1434500000
1435000000
1435500000
1436000000
1436500000
1437000000
1437500000
1438000000
1438500000
1439000000
1439500000
1440000000
1440500000
1441000000
1441500000
1442000000
1442500000
1443000000
1443500000
1444000000
1444500000
1445000000
1445500000
1446000000
1446500000
1447000000
1447500000
1448000000
1448500000
1449000000
1449500000
1450000000
1450500000
1451000000
1451500000
1452000000
1452500000
	Command being timed: "./histogram_generator.py -f /projects/bgmp/shared/2017_sequencing/1294_S1_L008_R3_001.fastq.gz -l 8 -n 363246735 -o /projects/bgmp/jadler2/bioinfo/Bi622/Demultiplex/Assignment-the-first/I2_histogram.png"
	User time (seconds): 2916.94
	System time (seconds): 0.70
	Percent of CPU this job got: 99%
	Elapsed (wall clock) time (h:mm:ss or m:ss): 48:44.70
	Average shared text size (kbytes): 0
	Average unshared data size (kbytes): 0
	Average stack size (kbytes): 0
	Average total size (kbytes): 0
	Maximum resident set size (kbytes): 49144
	Average resident set size (kbytes): 0
	Major (requiring I/O) page faults: 0
	Minor (reclaiming a frame) page faults: 64109
	Voluntary context switches: 830
	Involuntary context switches: 6836
	Swaps: 0
	File system inputs: 0
	File system outputs: 0
	Socket messages sent: 0
	Socket messages received: 0
	Signals delivered: 0
	Page size (bytes): 4096
	Exit status: 0
